May 19, 2022 8:21:52 PM Graph logInfo
INFO: Add a new edge to the graph: 1 2
May 19, 2022 8:21:52 PM Graph logInfo
INFO: Add a new edge to the graph: 2 3
May 19, 2022 8:21:52 PM Graph logInfo
INFO: Add a new edge to the graph: 3 1
May 19, 2022 8:21:52 PM Graph logInfo
INFO: Add a new edge to the graph: 4 1
May 19, 2022 8:21:52 PM Graph logInfo
INFO: Add a new edge to the graph: 2 4
May 19, 2022 8:21:52 PM Graph logInfo
INFO: Initial graph is initialized successfully.
May 19, 2022 8:21:52 PM Graph logInfo
INFO: Query: shortest path distance between: 1 and 3 is 2
May 19, 2022 8:21:52 PM Graph logInfo
INFO: Add a new edge to the graph: 4 5
May 19, 2022 8:21:53 PM Graph logInfo
INFO: Query: shortest path distance between: 1 and 5 is 3
May 19, 2022 8:21:53 PM Graph logInfo
INFO: Query: There is no path between 5 and 1
